<?xml version="1.0" encoding="UTF-8"?>
<!-- Generated by org.testng.reporters.JUnitReportReporter -->
<testsuite hostname="DESKTOP-0JBB44C" failures="0" tests="1" name="com.automationexercise.tests.TC026_VerifyScrollUpWithoutArrowButton" time="4.454" errors="0" timestamp="2025-11-15T19:26:29 IST" skipped="0">
  <testcase classname="com.automationexercise.tests.TC026_VerifyScrollUpWithoutArrowButton" name="verifysubscriptionData" time="4.454"/>
</testsuite> <!-- com.automationexercise.tests.TC026_VerifyScrollUpWithoutArrowButton -->
