<?xml version="1.0" encoding="UTF-8"?>
<!-- Generated by org.testng.reporters.JUnitReportReporter -->
<testsuite hostname="DESKTOP-0JBB44C" failures="0" tests="1" name="com.automationexercise.tests.TC022_AddToCartFromRecommendedItems" time="5.496" errors="0" timestamp="2025-11-08T10:13:42 IST" skipped="0">
  <testcase classname="com.automationexercise.tests.TC022_AddToCartFromRecommendedItems" name="addReviewInProduct" time="5.496"/>
</testsuite> <!-- com.automationexercise.tests.TC022_AddToCartFromRecommendedItems -->
