<?xml version="1.0" encoding="UTF-8"?>
<!-- Generated by org.testng.reporters.JUnitReportReporter -->
<testsuite hostname="DESKTOP-0JBB44C" failures="0" tests="1" name="com.automationexercise.tests.TC025_VerifyScrollUpUsingArrowButton" time="3.888" errors="0" timestamp="2025-11-15T19:21:07 IST" skipped="0">
  <testcase classname="com.automationexercise.tests.TC025_VerifyScrollUpUsingArrowButton" name="verifysubscriptionData" time="3.888"/>
</testsuite> <!-- com.automationexercise.tests.TC025_VerifyScrollUpUsingArrowButton -->
