<?xml version="1.0" encoding="UTF-8"?>
<!-- Generated by org.testng.reporters.JUnitReportReporter -->
<testsuite hostname="DESKTOP-0JBB44C" failures="0" tests="1" name="com.automationexercise.tests.TC024_DownloadInvoiceAfterPurchaseOrder" time="19.724" errors="0" timestamp="2025-11-15T18:49:34 IST" skipped="0">
  <testcase classname="com.automationexercise.tests.TC024_DownloadInvoiceAfterPurchaseOrder" name="verifyQuandity" time="19.724"/>
</testsuite> <!-- com.automationexercise.tests.TC024_DownloadInvoiceAfterPurchaseOrder -->
