<?xml version="1.0" encoding="UTF-8"?>
<!-- Generated by org.testng.reporters.JUnitReportReporter -->
<testsuite hostname="DESKTOP-0JBB44C" failures="0" tests="1" name="com.automationexercise.tests.TC023_VerifyAddressDetailsInCheckoutPage" time="34.902" errors="0" timestamp="2025-11-15T18:25:50 IST" skipped="0">
  <testcase classname="com.automationexercise.tests.TC023_VerifyAddressDetailsInCheckoutPage" name="verifyPage" time="34.902"/>
</testsuite> <!-- com.automationexercise.tests.TC023_VerifyAddressDetailsInCheckoutPage -->
