<?xml version="1.0" encoding="UTF-8"?>
<!-- Generated by org.testng.reporters.JUnitReportReporter -->
<testsuite hostname="DESKTOP-0JBB44C" failures="0" tests="1" name="com.automationexercise.tests.TC020_SearchProductsAndVerifyCartAfterLogin" time="13.436" errors="0" timestamp="2025-11-02T09:37:15 IST" skipped="0">
  <testcase classname="com.automationexercise.tests.TC020_SearchProductsAndVerifyCartAfterLogin" name="existinguserSignup" time="13.436"/>
</testsuite> <!-- com.automationexercise.tests.TC020_SearchProductsAndVerifyCartAfterLogin -->
