<?xml version="1.0" encoding="UTF-8"?>
<testng-results ignored="0" total="1" passed="1" failed="0" skipped="0">
  <reporter-output>
  </reporter-output>
  <suite started-at="2025-11-15T19:26:25 IST" name="Default suite" finished-at="2025-11-15T19:26:29 IST" duration-ms="4502">
    <groups>
    </groups>
    <test started-at="2025-11-15T19:26:25 IST" name="Default test" finished-at="2025-11-15T19:26:29 IST" duration-ms="4502">
      <class name="com.automationexercise.tests.TC026_VerifyScrollUpWithoutArrowButton">
        <test-method is-config="true" signature="beforeMethod()[pri:0, instance:com.automationexercise.tests.TC026_VerifyScrollUpWithoutArrowButton@7a8c8dcf]" started-at="2025-11-15T19:26:25 IST" name="beforeMethod" finished-at="2025-11-15T19:26:29 IST" duration-ms="4021" status="PASS">
          <reporter-output>
          </reporter-output>
        </test-method> <!-- beforeMethod -->
        <test-method signature="verifysubscriptionData()[pri:0, instance:com.automationexercise.tests.TC026_VerifyScrollUpWithoutArrowButton@7a8c8dcf]" started-at="2025-11-15T19:26:29 IST" name="verifysubscriptionData" finished-at="2025-11-15T19:26:29 IST" duration-ms="172" status="PASS">
          <reporter-output>
          </reporter-output>
        </test-method> <!-- verifysubscriptionData -->
        <test-method is-config="true" signature="afterMethod()[pri:0, instance:com.automationexercise.tests.TC026_VerifyScrollUpWithoutArrowButton@7a8c8dcf]" started-at="2025-11-15T19:26:29 IST" name="afterMethod" finished-at="2025-11-15T19:26:29 IST" duration-ms="261" status="PASS">
          <reporter-output>
          </reporter-output>
        </test-method> <!-- afterMethod -->
      </class> <!-- com.automationexercise.tests.TC026_VerifyScrollUpWithoutArrowButton -->
    </test> <!-- Default test -->
  </suite> <!-- Default suite -->
</testng-results>
